<?xml version="1.0" encoding="UTF-8"?>
<!-- Generated by org.testng.reporters.JUnitXMLReporter -->
<testsuite hostname="DESKTOP-7BF33OF" ignored="2" name="Test" tests="3" failures="0" timestamp="01 Feb 2020 05:12:09 GMT" time="85.914" errors="0">
  <testcase name="createLead" time="16.597" classname="com.leafBot.testcases.TC003_CreateLead"/>
  <testcase name="editLead" time="17.6" classname="com.leafBot.testcases.TC004_EditLead"/>
  <testcase name="createLead" time="13.995" classname="com.leafBot.testcases.TC003_CreateLead"/>
  <testcase name="@AfterSuite stopReport" time="0.0" classname="utils.Reporter">
    <ignored/>
  </testcase> <!-- @AfterSuite stopReport -->
  <testcase name="@BeforeSuite startReport" time="0.0" classname="utils.Reporter">
    <ignored/>
  </testcase> <!-- @BeforeSuite startReport -->
</testsuite> <!-- Test -->
